<?xml version="1.0" encoding="UTF-8"?>
<testsuite xmlns:xsi="http://www.w3.org/2001/XMLSchema-instance" xsi:noNamespaceSchemaLocation="https://maven.apache.org/surefire/maven-surefire-plugin/xsd/surefire-test-report.xsd" name="TestSuite" time="3.368" tests="1" errors="0" skipped="0" failures="0">
  <properties>
    <property name="awt.toolkit" value="sun.lwawt.macosx.LWCToolkit"/>
    <property name="java.specification.version" value="12"/>
    <property name="sun.jnu.encoding" value="UTF-8"/>
    <property name="java.class.path" value="/Users/macbook/Documents/programming/java_project/reversoContextTelegramBot/reversoContextBot/target/test-classes:/Users/macbook/Documents/programming/java_project/reversoContextTelegramBot/reversoContextBot/target/classes:/Users/macbook/.m2/repository/org/xerial/sqlite-jdbc/3.28.0/sqlite-jdbc-3.28.0.jar:/Users/macbook/.m2/repository/com/github/pengrad/java-telegram-bot-api/4.4.0/java-telegram-bot-api-4.4.0.jar:/Users/macbook/.m2/repository/com/google/code/gson/gson/2.8.5/gson-2.8.5.jar:/Users/macbook/.m2/repository/com/squareup/okhttp3/okhttp/3.12.3/okhttp-3.12.3.jar:/Users/macbook/.m2/repository/com/squareup/okio/okio/1.15.0/okio-1.15.0.jar:/Users/macbook/.m2/repository/com/squareup/okhttp3/logging-interceptor/3.12.3/logging-interceptor-3.12.3.jar:/Users/macbook/.m2/repository/org/jsoup/jsoup/1.11.3/jsoup-1.11.3.jar:/Users/macbook/.m2/repository/org/projectlombok/lombok/1.18.8/lombok-1.18.8.jar:/Users/macbook/.m2/repository/com/tvd12/test-util/1.0.5/test-util-1.0.5.jar:/Users/macbook/.m2/repository/org/mockito/mockito-all/1.10.19/mockito-all-1.10.19.jar:/Users/macbook/.m2/repository/org/testng/testng/6.14.3/testng-6.14.3.jar:/Users/macbook/.m2/repository/com/beust/jcommander/1.72/jcommander-1.72.jar:/Users/macbook/.m2/repository/org/apache-extras/beanshell/bsh/2.0b6/bsh-2.0b6.jar:"/>
    <property name="java.vm.vendor" value="Oracle Corporation"/>
    <property name="sun.arch.data.model" value="64"/>
    <property name="java.vendor.url" value="https://java.oracle.com/"/>
    <property name="os.name" value="Mac OS X"/>
    <property name="java.vm.specification.version" value="12"/>
    <property name="sun.java.launcher" value="SUN_STANDARD"/>
    <property name="user.country" value="PL"/>
    <property name="sun.boot.library.path" value="/Library/Java/JavaVirtualMachines/jdk-12.0.2.jdk/Contents/Home/lib"/>
    <property name="sun.java.command" value="/Users/macbook/Documents/programming/java_project/reversoContextTelegramBot/reversoContextBot/target/surefire/surefirebooter6009319420588815926.jar /Users/macbook/Documents/programming/java_project/reversoContextTelegramBot/reversoContextBot/target/surefire 2019-11-09T20-36-09_466-jvmRun1 surefire16188876108875535634tmp surefire_017071976076576344742tmp"/>
    <property name="http.nonProxyHosts" value="local|*.local|169.254/16|*.169.254/16"/>
    <property name="jdk.debug" value="release"/>
    <property name="surefire.test.class.path" value="/Users/macbook/Documents/programming/java_project/reversoContextTelegramBot/reversoContextBot/target/test-classes:/Users/macbook/Documents/programming/java_project/reversoContextTelegramBot/reversoContextBot/target/classes:/Users/macbook/.m2/repository/org/xerial/sqlite-jdbc/3.28.0/sqlite-jdbc-3.28.0.jar:/Users/macbook/.m2/repository/com/github/pengrad/java-telegram-bot-api/4.4.0/java-telegram-bot-api-4.4.0.jar:/Users/macbook/.m2/repository/com/google/code/gson/gson/2.8.5/gson-2.8.5.jar:/Users/macbook/.m2/repository/com/squareup/okhttp3/okhttp/3.12.3/okhttp-3.12.3.jar:/Users/macbook/.m2/repository/com/squareup/okio/okio/1.15.0/okio-1.15.0.jar:/Users/macbook/.m2/repository/com/squareup/okhttp3/logging-interceptor/3.12.3/logging-interceptor-3.12.3.jar:/Users/macbook/.m2/repository/org/jsoup/jsoup/1.11.3/jsoup-1.11.3.jar:/Users/macbook/.m2/repository/org/projectlombok/lombok/1.18.8/lombok-1.18.8.jar:/Users/macbook/.m2/repository/com/tvd12/test-util/1.0.5/test-util-1.0.5.jar:/Users/macbook/.m2/repository/org/mockito/mockito-all/1.10.19/mockito-all-1.10.19.jar:/Users/macbook/.m2/repository/org/testng/testng/6.14.3/testng-6.14.3.jar:/Users/macbook/.m2/repository/com/beust/jcommander/1.72/jcommander-1.72.jar:/Users/macbook/.m2/repository/org/apache-extras/beanshell/bsh/2.0b6/bsh-2.0b6.jar:"/>
    <property name="sun.cpu.endian" value="little"/>
    <property name="user.home" value="/Users/macbook"/>
    <property name="user.language" value="ru"/>
    <property name="java.specification.vendor" value="Oracle Corporation"/>
    <property name="java.version.date" value="2019-07-16"/>
    <property name="java.home" value="/Library/Java/JavaVirtualMachines/jdk-12.0.2.jdk/Contents/Home"/>
    <property name="file.separator" value="/"/>
    <property name="basedir" value="/Users/macbook/Documents/programming/java_project/reversoContextTelegramBot/reversoContextBot"/>
    <property name="java.vm.compressedOopsMode" value="Zero based"/>
    <property name="line.separator" value="&#10;"/>
    <property name="idea.version2019.2.3" value="true"/>
    <property name="java.vm.specification.vendor" value="Oracle Corporation"/>
    <property name="java.specification.name" value="Java Platform API Specification"/>
    <property name="java.awt.graphicsenv" value="sun.awt.CGraphicsEnvironment"/>
    <property name="surefire.real.class.path" value="/Users/macbook/Documents/programming/java_project/reversoContextTelegramBot/reversoContextBot/target/surefire/surefirebooter6009319420588815926.jar"/>
    <property name="sun.management.compiler" value="HotSpot 64-Bit Tiered Compilers"/>
    <property name="ftp.nonProxyHosts" value="local|*.local|169.254/16|*.169.254/16"/>
    <property name="java.runtime.version" value="12.0.2+10"/>
    <property name="user.name" value="macbook"/>
    <property name="path.separator" value=":"/>
    <property name="os.version" value="10.11.6"/>
    <property name="java.runtime.name" value="Java(TM) SE Runtime Environment"/>
    <property name="file.encoding" value="UTF-8"/>
    <property name="java.vm.name" value="Java HotSpot(TM) 64-Bit Server VM"/>
    <property name="localRepository" value="/Users/macbook/.m2/repository"/>
    <property name="java.vendor.url.bug" value="https://bugreport.java.com/bugreport/"/>
    <property name="java.io.tmpdir" value="/var/folders/kh/9nx7__r14979ff0gy9by00r00000gn/T/"/>
    <property name="java.version" value="12.0.2"/>
    <property name="user.dir" value="/Users/macbook/Documents/programming/java_project/reversoContextTelegramBot/reversoContextBot"/>
    <property name="os.arch" value="x86_64"/>
    <property name="java.vm.specification.name" value="Java Virtual Machine Specification"/>
    <property name="java.library.path" value="/Users/macbook/Library/Java/Extensions:/Library/Java/Extensions:/Network/Library/Java/Extensions:/System/Library/Java/Extensions:/usr/lib/java:."/>
    <property name="java.vm.info" value="mixed mode, sharing"/>
    <property name="java.vendor" value="Oracle Corporation"/>
    <property name="java.vm.version" value="12.0.2+10"/>
    <property name="sun.io.unicode.encoding" value="UnicodeBig"/>
    <property name="socksNonProxyHosts" value="local|*.local|169.254/16|*.169.254/16"/>
    <property name="java.class.version" value="56.0"/>
  </properties>
  <testcase name="test" classname="com.yevheniikukhol.reversoContextBot.testing.AppTest" time="0.034"/>
</testsuite>