<?xml version="1.0" encoding="UTF-8"?>
<!-- Generated by org.testng.reporters.JUnitReportReporter -->
<testsuite hostname="MacBooks-MacBook-Pro.local" failures="0" tests="1" name="com.yevheniikukhol.reversoContextBot.testing.AppTest" time="0.045" errors="0" timestamp="14 окт. 2019 11:20:15 GMT" skipped="0">
  <testcase classname="com.yevheniikukhol.reversoContextBot.testing.AppTest" name="test" time="0.045"/>
</testsuite> <!-- com.yevheniikukhol.reversoContextBot.testing.AppTest -->
