<?xml version="1.0" encoding="UTF-8"?>
<!-- Generated by org.testng.reporters.JUnitReportReporter -->
<testsuite hostname="MacBooks-MacBook-Pro.local" failures="0" tests="1" name="com.yevheniikukhol.reversoContextBot.testing.AppTest" time="0.032" errors="0" timestamp="12 окт. 2019 09:08:48 GMT" skipped="0">
  <testcase classname="com.yevheniikukhol.reversoContextBot.testing.AppTest" name="test" time="0.032"/>
</testsuite> <!-- com.yevheniikukhol.reversoContextBot.testing.AppTest -->
