<?xml version="1.0" encoding="UTF-8"?>
<!-- Generated by org.testng.reporters.JUnitReportReporter -->
<testsuite hostname="MacBooks-MacBook-Pro.local" failures="0" tests="1" name="com.yevheniikukhol.reversoContextBot.testing.AppTest" time="0.036" errors="0" timestamp="09 нояб. 2019 18:36:16 GMT" skipped="0">
  <testcase classname="com.yevheniikukhol.reversoContextBot.testing.AppTest" name="test" time="0.036"/>
</testsuite> <!-- com.yevheniikukhol.reversoContextBot.testing.AppTest -->
