<?xml version="1.0" encoding="UTF-8"?>
<!-- Generated by org.testng.reporters.JUnitReportReporter -->
<testsuite hostname="MacBooks-MacBook-Pro.local" failures="0" tests="1" name="com.Erag0.ReversoContextBot.testing.AppTest" time="0.030" errors="0" timestamp="12 нояб. 2019 18:14:54 GMT" skipped="0">
  <testcase classname="com.Erag0.ReversoContextBot.testing.AppTest" name="test" time="0.030"/>
</testsuite> <!-- com.Erag0.ReversoContextBot.testing.AppTest -->
